Using pre-set license
Built from '2020.2/staging' branch; Version is '2020.2.0b14 (dc0b50340a64) revision 14420816'; Using compiler version '192528614'; Build Type 'Release'
OS: 'Windows 10  (10.0.0) 64bit' Language: 'en' Physical Memory: 16313 MB
BatchMode: 1, IsHumanControllingUs: 0, StartBugReporterOnCrash: 0, Is64bit: 1, IsPro: 0

 COMMAND LINE ARGUMENTS:
K:\Fall 2020\CS485 Game Programming\Unity\2020.2.0b14\Editor\Unity.exe
-adb2
-batchMode
-noUpm
-name
AssetImportWorker0
-projectPath
K:/Fall 2020/CS485 Game Programming/BeastQuest/JRPGBeastQuest
-logFile
Logs/AssetImportWorker0.log
-srvPort
1946
Successfully changed project path to: K:/Fall 2020/CS485 Game Programming/BeastQuest/JRPGBeastQuest
K:/Fall 2020/CS485 Game Programming/BeastQuest/JRPGBeastQuest
Using Asset Import Pipeline V2.
Refreshing native plugins compatible for Editor in 61.95 ms, found 0 plugins.
Preloading 0 native plugins for Editor in 0.00 ms.
Initialize engine version: 2020.2.0b14 (dc0b50340a64)
[Subsystems] Discovering subsystems at path K:/Fall 2020/CS485 Game Programming/Unity/2020.2.0b14/Editor/Data/Resources/UnitySubsystems
[Subsystems] Discovering subsystems at path K:/Fall 2020/CS485 Game Programming/BeastQuest/JRPGBeastQuest/Assets
GfxDevice: creating device client; threaded=0
Direct3D:
    Version:  Direct3D 11.0 [level 11.1]
    Renderer: NVIDIA GeForce GTX 980 (ID=0x13c0)
    Vendor:   
    VRAM:     4053 MB
    Driver:   27.21.14.5148
Initialize mono
Mono path[0] = 'K:/Fall 2020/CS485 Game Programming/Unity/2020.2.0b14/Editor/Data/Managed'
Mono path[1] = 'K:/Fall 2020/CS485 Game Programming/Unity/2020.2.0b14/Editor/Data/MonoBleedingEdge/lib/mono/unityjit'
Mono config path = 'K:/Fall 2020/CS485 Game Programming/Unity/2020.2.0b14/Editor/Data/MonoBleedingEdge/etc'
Using monoOptions --debugger-agent=transport=dt_socket,embedding=1,server=y,suspend=n,address=127.0.0.1:56636
Begin MonoManager ReloadAssembly
Registering precompiled unity dll's ...
Register platform support module: K:/Fall 2020/CS485 Game Programming/Unity/2020.2.0b14/Editor/Data/PlaybackEngines/WebGLSupport/UnityEditor.WebGL.Extensions.dll
Register platform support module: K:/Fall 2020/CS485 Game Programming/Unity/2020.2.0b14/Editor/Data/PlaybackEngines/WindowsStandaloneSupport/UnityEditor.WindowsStandalone.Extensions.dll
Register platform support module: K:/Fall 2020/CS485 Game Programming/Unity/2020.2.0b14/Editor/Data/PlaybackEngines/LuminSupport/UnityEditor.Lumin.Extensions.dll
Registered in 0.002148 seconds.
Native extension for Lumin target not found
Native extension for WindowsStandalone target not found
Native extension for WebGL target not found
Refreshing native plugins compatible for Editor in 60.88 ms, found 0 plugins.
Preloading 0 native plugins for Editor in 0.00 ms.
Invoked RoslynAnalysisRunner static constructor.
RoslynAnalysisRunner will not be running.
RoslynAnalysisRunner has terminated.
Mono: successfully reloaded assembly
- Completed reload, in  1.811 seconds
Platform modules already initialized, skipping
Registering precompiled user dll's ...
Registered in 0.001146 seconds.
Begin MonoManager ReloadAssembly
Native extension for Lumin target not found
Native extension for WindowsStandalone target not found
Native extension for WebGL target not found
Refreshing native plugins compatible for Editor in 0.72 ms, found 0 plugins.
Preloading 0 native plugins for Editor in 0.00 ms.
Invoked RoslynAnalysisRunner static constructor.
RoslynAnalysisRunner will not be running.
RoslynAnalysisRunner has terminated.
Mono: successfully reloaded assembly
- Completed reload, in  1.044 seconds
Platform modules already initialized, skipping
========================================================================
Worker process is ready to serve import requests
Launched and connected shader compiler UnityShaderCompiler.exe after 0.05 seconds
Refreshing native plugins compatible for Editor in 1.03 ms, found 0 plugins.
Preloading 0 native plugins for Editor in 0.00 ms.
Unloading 1392 Unused Serialized files (Serialized files now loaded: 0)
System memory in use before: 106.7 MB.
System memory in use after: 106.5 MB.

Unloading 10 unused Assets to reduce memory usage. Loaded Objects now: 1877.
Total: 4.547300 ms (FindLiveObjects: 0.327900 ms CreateObjectMapping: 0.074300 ms MarkObjects: 3.481600 ms  DeleteObjects: 0.661000 ms)

========================================================================
Received Import Request.
  path: Assets/Scenes/Zones/mountainpath.unity
  artifactKey: Guid(6ee02efc68489f44aa37c9f62e2c4d2d) Importer(815301076,1909f56bfc062723c751e8b465ee728b)
Start importing Assets/Scenes/Zones/mountainpath.unity using Guid(6ee02efc68489f44aa37c9f62e2c4d2d) Importer(815301076,1909f56bfc062723c751e8b465ee728b)  -> (artifact id: 'e0c946e9057d07f427ff1a0bc9689aa8') in 0.049008 seconds
  Import took 0.052630 seconds .

========================================================================
Received Import Request.
  Time since last request: 12.821120 seconds.
  path: Assets/Scenes/Zones/dwarvencaves.unity
  artifactKey: Guid(b107d7e3ea4359b49a3172b06b7744da) Importer(815301076,1909f56bfc062723c751e8b465ee728b)
Start importing Assets/Scenes/Zones/dwarvencaves.unity using Guid(b107d7e3ea4359b49a3172b06b7744da) Importer(815301076,1909f56bfc062723c751e8b465ee728b)  -> (artifact id: 'f4b1b15ce9151a4aa780cbda1b2b19f0') in 0.009915 seconds
  Import took 0.012759 seconds .

========================================================================
Received Prepare
Registering precompiled user dll's ...
Registered in 0.001363 seconds.
Begin MonoManager ReloadAssembly
Native extension for Lumin target not found
Native extension for WindowsStandalone target not found
Native extension for WebGL target not found
Refreshing native plugins compatible for Editor in 0.59 ms, found 0 plugins.
Preloading 0 native plugins for Editor in 0.00 ms.
Invoked RoslynAnalysisRunner static constructor.
RoslynAnalysisRunner will not be running.
RoslynAnalysisRunner has terminated.
Mono: successfully reloaded assembly
- Completed reload, in  0.906 seconds
Platform modules already initialized, skipping
Refreshing native plugins compatible for Editor in 0.63 ms, found 0 plugins.
Preloading 0 native plugins for Editor in 0.00 ms.
Unloading 1260 Unused Serialized files (Serialized files now loaded: 0)
System memory in use before: 97.7 MB.
System memory in use after: 97.5 MB.

Unloading 5 unused Assets to reduce memory usage. Loaded Objects now: 1879.
Total: 2.204700 ms (FindLiveObjects: 0.178600 ms CreateObjectMapping: 0.037500 ms MarkObjects: 1.636700 ms  DeleteObjects: 0.350900 ms)

========================================================================
Received Import Request.
  Time since last request: 36.834473 seconds.
  path: Assets/Scenes/Zones/dwarvencaves.unity
  artifactKey: Guid(b107d7e3ea4359b49a3172b06b7744da) Importer(815301076,1909f56bfc062723c751e8b465ee728b)
Start importing Assets/Scenes/Zones/dwarvencaves.unity using Guid(b107d7e3ea4359b49a3172b06b7744da) Importer(815301076,1909f56bfc062723c751e8b465ee728b)  -> (artifact id: 'fea9158d06580fe925a1758465fb28e5') in 0.025677 seconds
  Import took 0.028744 seconds .

========================================================================
Received Import Request.
  Time since last request: 23.136248 seconds.
  path: Assets/Scenes/Zones/caverninside.unity
  artifactKey: Guid(82f2a17586c0b574fb3b0648c11a4249) Importer(815301076,1909f56bfc062723c751e8b465ee728b)
Start importing Assets/Scenes/Zones/caverninside.unity using Guid(82f2a17586c0b574fb3b0648c11a4249) Importer(815301076,1909f56bfc062723c751e8b465ee728b)  -> (artifact id: 'a8266f699b62087d3f0fc1e2bdfb4456') in 0.008920 seconds
  Import took 0.011737 seconds .

========================================================================
Received Prepare
Registering precompiled user dll's ...
Registered in 0.001882 seconds.
Begin MonoManager ReloadAssembly
Native extension for Lumin target not found
Native extension for WindowsStandalone target not found
Native extension for WebGL target not found
Refreshing native plugins compatible for Editor in 0.61 ms, found 0 plugins.
Preloading 0 native plugins for Editor in 0.00 ms.
Invoked RoslynAnalysisRunner static constructor.
RoslynAnalysisRunner will not be running.
RoslynAnalysisRunner has terminated.
Mono: successfully reloaded assembly
- Completed reload, in  0.914 seconds
Platform modules already initialized, skipping
Refreshing native plugins compatible for Editor in 0.70 ms, found 0 plugins.
Preloading 0 native plugins for Editor in 0.00 ms.
Unloading 1260 Unused Serialized files (Serialized files now loaded: 0)
System memory in use before: 97.7 MB.
System memory in use after: 97.5 MB.

Unloading 5 unused Assets to reduce memory usage. Loaded Objects now: 1881.
Total: 2.403000 ms (FindLiveObjects: 0.223800 ms CreateObjectMapping: 0.039600 ms MarkObjects: 1.710700 ms  DeleteObjects: 0.427400 ms)

========================================================================
Received Import Request.
  Time since last request: 80.676786 seconds.
  path: Assets/Scenes/Zones/mountainpath.unity
  artifactKey: Guid(6ee02efc68489f44aa37c9f62e2c4d2d) Importer(815301076,1909f56bfc062723c751e8b465ee728b)
Start importing Assets/Scenes/Zones/mountainpath.unity using Guid(6ee02efc68489f44aa37c9f62e2c4d2d) Importer(815301076,1909f56bfc062723c751e8b465ee728b)  -> (artifact id: '055621c0aa1404243241533a3c56f1d6') in 0.030291 seconds
  Import took 0.033305 seconds .

========================================================================
Received Import Request.
  Time since last request: 29.147809 seconds.
  path: Assets/Scenes/Zones/caverninside.unity
  artifactKey: Guid(82f2a17586c0b574fb3b0648c11a4249) Importer(815301076,1909f56bfc062723c751e8b465ee728b)
Start importing Assets/Scenes/Zones/caverninside.unity using Guid(82f2a17586c0b574fb3b0648c11a4249) Importer(815301076,1909f56bfc062723c751e8b465ee728b)  -> (artifact id: '629e32c7e3ca7169d3cd89b2228c68eb') in 0.003726 seconds
  Import took 0.006574 seconds .

========================================================================
Received Import Request.
  Time since last request: 6.245380 seconds.
  path: Assets/Scenes/Temples/TempleEntrances/earthTentrance.unity
  artifactKey: Guid(6895ed2f7b4d2ca48985f0d718d739c5) Importer(815301076,1909f56bfc062723c751e8b465ee728b)
Start importing Assets/Scenes/Temples/TempleEntrances/earthTentrance.unity using Guid(6895ed2f7b4d2ca48985f0d718d739c5) Importer(815301076,1909f56bfc062723c751e8b465ee728b)  -> (artifact id: 'b506624cc3fa122efb18c92b206982b4') in 0.010029 seconds
  Import took 0.012891 seconds .

========================================================================
Received Import Request.
  Time since last request: 67.228033 seconds.
  path: Assets/Scenes/Temples/TempleLayout/EarthHall1.unity
  artifactKey: Guid(d311ad9c8a286794db0b6e49d330f499) Importer(815301076,1909f56bfc062723c751e8b465ee728b)
Start importing Assets/Scenes/Temples/TempleLayout/EarthHall1.unity using Guid(d311ad9c8a286794db0b6e49d330f499) Importer(815301076,1909f56bfc062723c751e8b465ee728b)  -> (artifact id: '6a3c455d6758147c53a33d986ebd11a3') in 0.010306 seconds
  Import took 0.013128 seconds .

========================================================================
Received Import Request.
  Time since last request: 10.215155 seconds.
  path: Assets/Scenes/Temples/TempleLayout/EarthHall1.unity
  artifactKey: Guid(d311ad9c8a286794db0b6e49d330f499) Importer(815301076,1909f56bfc062723c751e8b465ee728b)
Start importing Assets/Scenes/Temples/TempleLayout/EarthHall1.unity using Guid(d311ad9c8a286794db0b6e49d330f499) Importer(815301076,1909f56bfc062723c751e8b465ee728b)  -> (artifact id: '7f91afb0a864af4b742fb55b077237b1') in 0.003752 seconds
  Import took 0.006558 seconds .

========================================================================
Received Import Request.
  Time since last request: 14.749937 seconds.
  path: Assets/Scenes/BattleScenes/BattleFormat.unity
  artifactKey: Guid(464c162d42ba4be44a4a16add09589ad) Importer(815301076,1909f56bfc062723c751e8b465ee728b)
Start importing Assets/Scenes/BattleScenes/BattleFormat.unity using Guid(464c162d42ba4be44a4a16add09589ad) Importer(815301076,1909f56bfc062723c751e8b465ee728b)  -> (artifact id: '6b64b9abc6b511644afc62b981ba8f88') in 0.008652 seconds
  Import took 0.011416 seconds .

========================================================================
Received Import Request.
  Time since last request: 50.975277 seconds.
  path: Assets/Scenes/BattleScenes/BattleFormat.unity
  artifactKey: Guid(464c162d42ba4be44a4a16add09589ad) Importer(815301076,1909f56bfc062723c751e8b465ee728b)
Start importing Assets/Scenes/BattleScenes/BattleFormat.unity using Guid(464c162d42ba4be44a4a16add09589ad) Importer(815301076,1909f56bfc062723c751e8b465ee728b)  -> (artifact id: '54f116c5579ee5cf23027595eaaae51b') in 0.003759 seconds
  Import took 0.006545 seconds .

========================================================================
Received Prepare
Registering precompiled user dll's ...
Registered in 0.001197 seconds.
Begin MonoManager ReloadAssembly
Native extension for Lumin target not found
Native extension for WindowsStandalone target not found
Native extension for WebGL target not found
Refreshing native plugins compatible for Editor in 0.61 ms, found 0 plugins.
Preloading 0 native plugins for Editor in 0.00 ms.
Invoked RoslynAnalysisRunner static constructor.
RoslynAnalysisRunner will not be running.
RoslynAnalysisRunner has terminated.
Mono: successfully reloaded assembly
- Completed reload, in  0.934 seconds
Platform modules already initialized, skipping
Refreshing native plugins compatible for Editor in 0.62 ms, found 0 plugins.
Preloading 0 native plugins for Editor in 0.00 ms.
Unloading 1260 Unused Serialized files (Serialized files now loaded: 0)
System memory in use before: 97.8 MB.
System memory in use after: 97.6 MB.

Unloading 5 unused Assets to reduce memory usage. Loaded Objects now: 1883.
Total: 2.400500 ms (FindLiveObjects: 0.225400 ms CreateObjectMapping: 0.038000 ms MarkObjects: 1.713500 ms  DeleteObjects: 0.422500 ms)

========================================================================
Received Prepare
Registering precompiled user dll's ...
Registered in 0.001191 seconds.
Begin MonoManager ReloadAssembly
Native extension for Lumin target not found
Native extension for WindowsStandalone target not found
Native extension for WebGL target not found
Refreshing native plugins compatible for Editor in 0.62 ms, found 0 plugins.
Preloading 0 native plugins for Editor in 0.00 ms.
Invoked RoslynAnalysisRunner static constructor.
RoslynAnalysisRunner will not be running.
RoslynAnalysisRunner has terminated.
Mono: successfully reloaded assembly
- Completed reload, in  0.902 seconds
Platform modules already initialized, skipping
Refreshing native plugins compatible for Editor in 0.60 ms, found 0 plugins.
Preloading 0 native plugins for Editor in 0.00 ms.
Unloading 1260 Unused Serialized files (Serialized files now loaded: 0)
System memory in use before: 97.8 MB.
System memory in use after: 97.6 MB.

Unloading 5 unused Assets to reduce memory usage. Loaded Objects now: 1885.
Total: 2.497600 ms (FindLiveObjects: 0.216400 ms CreateObjectMapping: 0.038500 ms MarkObjects: 1.765700 ms  DeleteObjects: 0.475300 ms)

AssetImportWorkerClient::OnTransportError - code=2 error=End of file
